  Ball.cpp
D:\Git repositories\GamepiresBreakout\Breakout_Gamepires\Breakout_Gamepires\BreakpointObject.h(32,30): warning C4244: 'argument': conversion from 'float' to 'int', possible loss of data
D:\Git repositories\GamepiresBreakout\Breakout_Gamepires\Breakout_Gamepires\BreakpointObject.h(33,41): warning C4244: 'argument': conversion from 'float' to 'int', possible loss of data
D:\Git repositories\GamepiresBreakout\Breakout_Gamepires\Breakout_Gamepires\BreakpointObject.h(37,27): warning C4244: 'argument': conversion from 'float' to 'int', possible loss of data
D:\Git repositories\GamepiresBreakout\Breakout_Gamepires\Breakout_Gamepires\BreakpointObject.h(38,38): warning C4244: 'argument': conversion from 'float' to 'int', possible loss of data
D:\Git repositories\GamepiresBreakout\Breakout_Gamepires\Breakout_Gamepires\Ball.h(33,35): warning C4244: '=': conversion from 'int' to 'float', possible loss of data
  Block.cpp
D:\Git repositories\GamepiresBreakout\Breakout_Gamepires\Breakout_Gamepires\BreakpointObject.h(32,30): warning C4244: 'argument': conversion from 'float' to 'int', possible loss of data
D:\Git repositories\GamepiresBreakout\Breakout_Gamepires\Breakout_Gamepires\BreakpointObject.h(33,41): warning C4244: 'argument': conversion from 'float' to 'int', possible loss of data
D:\Git repositories\GamepiresBreakout\Breakout_Gamepires\Breakout_Gamepires\BreakpointObject.h(37,27): warning C4244: 'argument': conversion from 'float' to 'int', possible loss of data
D:\Git repositories\GamepiresBreakout\Breakout_Gamepires\Breakout_Gamepires\BreakpointObject.h(38,38): warning C4244: 'argument': conversion from 'float' to 'int', possible loss of data
  BreakpointController.cpp
D:\Git repositories\GamepiresBreakout\Breakout_Gamepires\Breakout_Gamepires\BreakpointObject.h(32,30): warning C4244: 'argument': conversion from 'float' to 'int', possible loss of data
D:\Git repositories\GamepiresBreakout\Breakout_Gamepires\Breakout_Gamepires\BreakpointObject.h(33,41): warning C4244: 'argument': conversion from 'float' to 'int', possible loss of data
D:\Git repositories\GamepiresBreakout\Breakout_Gamepires\Breakout_Gamepires\BreakpointObject.h(37,27): warning C4244: 'argument': conversion from 'float' to 'int', possible loss of data
D:\Git repositories\GamepiresBreakout\Breakout_Gamepires\Breakout_Gamepires\BreakpointObject.h(38,38): warning C4244: 'argument': conversion from 'float' to 'int', possible loss of data
D:\Git repositories\GamepiresBreakout\Breakout_Gamepires\Breakout_Gamepires\Ball.h(33,35): warning C4244: '=': conversion from 'int' to 'float', possible loss of data
D:\Git repositories\GamepiresBreakout\Breakout_Gamepires\Breakout_Gamepires\BreakpointController.h(26,49): warning C4244: 'argument': conversion from 'int' to 'float', possible loss of data
  BreakpointObject.cpp
D:\Git repositories\GamepiresBreakout\Breakout_Gamepires\Breakout_Gamepires\BreakpointObject.h(32,30): warning C4244: 'argument': conversion from 'float' to 'int', possible loss of data
D:\Git repositories\GamepiresBreakout\Breakout_Gamepires\Breakout_Gamepires\BreakpointObject.h(33,41): warning C4244: 'argument': conversion from 'float' to 'int', possible loss of data
D:\Git repositories\GamepiresBreakout\Breakout_Gamepires\Breakout_Gamepires\BreakpointObject.h(37,27): warning C4244: 'argument': conversion from 'float' to 'int', possible loss of data
D:\Git repositories\GamepiresBreakout\Breakout_Gamepires\Breakout_Gamepires\BreakpointObject.h(38,38): warning C4244: 'argument': conversion from 'float' to 'int', possible loss of data
  Main.cpp
D:\Git repositories\GamepiresBreakout\Breakout_Gamepires\Breakout_Gamepires\BreakpointObject.h(32,30): warning C4244: 'argument': conversion from 'float' to 'int', possible loss of data
D:\Git repositories\GamepiresBreakout\Breakout_Gamepires\Breakout_Gamepires\BreakpointObject.h(33,41): warning C4244: 'argument': conversion from 'float' to 'int', possible loss of data
D:\Git repositories\GamepiresBreakout\Breakout_Gamepires\Breakout_Gamepires\BreakpointObject.h(37,27): warning C4244: 'argument': conversion from 'float' to 'int', possible loss of data
D:\Git repositories\GamepiresBreakout\Breakout_Gamepires\Breakout_Gamepires\BreakpointObject.h(38,38): warning C4244: 'argument': conversion from 'float' to 'int', possible loss of data
D:\Git repositories\GamepiresBreakout\Breakout_Gamepires\Breakout_Gamepires\Ball.h(33,35): warning C4244: '=': conversion from 'int' to 'float', possible loss of data
D:\Git repositories\GamepiresBreakout\Breakout_Gamepires\Breakout_Gamepires\BreakpointController.h(26,49): warning C4244: 'argument': conversion from 'int' to 'float', possible loss of data
  Player.cpp
D:\Git repositories\GamepiresBreakout\Breakout_Gamepires\Breakout_Gamepires\BreakpointObject.h(32,30): warning C4244: 'argument': conversion from 'float' to 'int', possible loss of data
D:\Git repositories\GamepiresBreakout\Breakout_Gamepires\Breakout_Gamepires\BreakpointObject.h(33,41): warning C4244: 'argument': conversion from 'float' to 'int', possible loss of data
D:\Git repositories\GamepiresBreakout\Breakout_Gamepires\Breakout_Gamepires\BreakpointObject.h(37,27): warning C4244: 'argument': conversion from 'float' to 'int', possible loss of data
D:\Git repositories\GamepiresBreakout\Breakout_Gamepires\Breakout_Gamepires\BreakpointObject.h(38,38): warning C4244: 'argument': conversion from 'float' to 'int', possible loss of data
  SoftBlock.cpp
D:\Git repositories\GamepiresBreakout\Breakout_Gamepires\Breakout_Gamepires\BreakpointObject.h(32,30): warning C4244: 'argument': conversion from 'float' to 'int', possible loss of data
D:\Git repositories\GamepiresBreakout\Breakout_Gamepires\Breakout_Gamepires\BreakpointObject.h(33,41): warning C4244: 'argument': conversion from 'float' to 'int', possible loss of data
D:\Git repositories\GamepiresBreakout\Breakout_Gamepires\Breakout_Gamepires\BreakpointObject.h(37,27): warning C4244: 'argument': conversion from 'float' to 'int', possible loss of data
D:\Git repositories\GamepiresBreakout\Breakout_Gamepires\Breakout_Gamepires\BreakpointObject.h(38,38): warning C4244: 'argument': conversion from 'float' to 'int', possible loss of data
  Wall.cpp
D:\Git repositories\GamepiresBreakout\Breakout_Gamepires\Breakout_Gamepires\BreakpointObject.h(32,30): warning C4244: 'argument': conversion from 'float' to 'int', possible loss of data
D:\Git repositories\GamepiresBreakout\Breakout_Gamepires\Breakout_Gamepires\BreakpointObject.h(33,41): warning C4244: 'argument': conversion from 'float' to 'int', possible loss of data
D:\Git repositories\GamepiresBreakout\Breakout_Gamepires\Breakout_Gamepires\BreakpointObject.h(37,27): warning C4244: 'argument': conversion from 'float' to 'int', possible loss of data
D:\Git repositories\GamepiresBreakout\Breakout_Gamepires\Breakout_Gamepires\BreakpointObject.h(38,38): warning C4244: 'argument': conversion from 'float' to 'int', possible loss of data
  Generating Code...
  Breakout_Gamepires.vcxproj -> D:\Git repositories\GamepiresBreakout\Breakout_Gamepires\Debug\Breakout_Gamepires.exe
